["2024-11-09T19:11:06.851", "DEBUG", "ubuntupro.config", "parse_config", 491, "Using client configuration file at /etc/ubuntu-advantage/uaclient.conf", {}]
["2024-11-09T19:11:06.852", "DEBUG", "ubuntupro.system", "load_file", 522, "Reading file: /etc/ubuntu-advantage/uaclient.conf", {}]
["2024-11-09T19:11:06.853", "DEBUG", "ubuntupro.files.files", "read", 67, "Tried to load /var/lib/ubuntu-advantage/user-config.json but file does not exist", {}]
["2024-11-09T19:11:06.857", "DEBUG", "ubuntupro.http", "configure_web_proxy", 146, "Setting no_proxy: 169.254.169.254,[fd00:ec2::254],metadata", {}]
["2024-11-09T19:11:06.857", "DEBUG", "ubuntupro.http", "configure_web_proxy", 154, "Setting global proxy dict", {}]
["2024-11-09T19:11:06.857", "DEBUG", "ubuntupro.cli", "main", 1428, "Executed with sys.argv: ['/bin/ua', 'api', 'u.pro.attach.magic.initiate.v1']", {}]
["2024-11-09T19:11:06.857", "DEBUG", "ubuntupro.http", "readurl", 345, "URL [POST]: https://contracts.canonical.com/v1/magic-attach, headers: {'accept': 'application/json', 'content-type': 'application/json', 'user-agent': 'UA-Client/32.3.1~24.04'}, data: None", {}]
["2024-11-09T19:11:06.857", "DEBUG", "ubuntupro.http", "should_use_pycurl", 208, "Should use pycurl: False", {}]
["2024-11-09T19:11:07.271", "DEBUG", "ubuntupro.http", "readurl", 385, "URL [POST] response: https://contracts.canonical.com/v1/magic-attach, headers: {'accept-ranges': 'bytes', 'cache-control': 'no-store, max-age=0', 'connection': 'close', 'content-length': '115', 'content-type': 'application/json', 'date': 'Sat, 09 Nov 2024 18:11:07 GMT', 'server': 'nginx/1.18.0 (Ubuntu)', 'strict-transport-security': 'max-age=15724800; includeSubDomains', 'x-cache-status': 'from content-cache-il3/0', 'x-trace-id': '53fcdff9-eea7-4570-a948-d14b58740a6c'}, data: {'expires': datetime.datetime(2024, 11, 9, 18, 21, 7, tzinfo=datetime.timezone.utc), 'expiresIn': 600, 'token': '<REDACTED>', 'userCode': '<REDACTED>'}", {}]
["2024-11-09T19:11:07.704", "DEBUG", "ubuntupro.config", "parse_config", 491, "Using client configuration file at /etc/ubuntu-advantage/uaclient.conf", {}]
["2024-11-09T19:11:07.705", "DEBUG", "ubuntupro.system", "load_file", 522, "Reading file: /etc/ubuntu-advantage/uaclient.conf", {}]
["2024-11-09T19:11:07.705", "DEBUG", "ubuntupro.files.files", "read", 67, "Tried to load /var/lib/ubuntu-advantage/user-config.json but file does not exist", {}]
["2024-11-09T19:11:07.720", "DEBUG", "ubuntupro.http", "configure_web_proxy", 146, "Setting no_proxy: 169.254.169.254,[fd00:ec2::254],metadata", {}]
["2024-11-09T19:11:07.720", "DEBUG", "ubuntupro.http", "configure_web_proxy", 154, "Setting global proxy dict", {}]
["2024-11-09T19:11:07.720", "DEBUG", "ubuntupro.cli", "main", 1428, "Executed with sys.argv: ['/bin/ua', 'api', 'u.pro.attach.magic.wait.v1', '--args', 'magic_token=<REDACTED>']", {}]
["2024-11-09T19:11:07.720", "DEBUG", "ubuntupro.http", "readurl", 345, "URL [GET]: https://contracts.canonical.com/v1/magic-attach, headers: {'Authorization': 'Bearer <REDACTED>', 'accept': 'application/json', 'content-type': 'application/json', 'user-agent': 'UA-Client/32.3.1~24.04'}, data: None", {}]
["2024-11-09T19:11:07.720", "DEBUG", "ubuntupro.http", "should_use_pycurl", 208, "Should use pycurl: False", {}]
["2024-11-09T19:11:07.969", "DEBUG", "ubuntupro.http", "readurl", 385, "URL [GET] response: https://contracts.canonical.com/v1/magic-attach, headers: {'accept-ranges': 'bytes', 'cache-control': 'no-store, max-age=0', 'connection': 'close', 'content-length': '115', 'content-type': 'application/json', 'date': 'Sat, 09 Nov 2024 18:11:07 GMT', 'server': 'nginx/1.18.0 (Ubuntu)', 'strict-transport-security': 'max-age=15724800; includeSubDomains', 'x-cache-status': 'MISS from content-cache-il3/4', 'x-trace-id': '1c08b7c1-9b9b-43f1-b3af-ce68b08ad862'}, data: {'expires': datetime.datetime(2024, 11, 9, 18, 21, 7, tzinfo=datetime.timezone.utc), 'expiresIn': 599, 'token': '<REDACTED>', 'userCode': '<REDACTED>'}", {}]
["2024-11-09T19:11:17.976", "DEBUG", "ubuntupro.http", "readurl", 345, "URL [GET]: https://contracts.canonical.com/v1/magic-attach, headers: {'Authorization': 'Bearer <REDACTED>', 'accept': 'application/json', 'content-type': 'application/json', 'user-agent': 'UA-Client/32.3.1~24.04'}, data: None", {}]
["2024-11-09T19:11:17.976", "DEBUG", "ubuntupro.http", "should_use_pycurl", 208, "Should use pycurl: False", {}]
["2024-11-09T19:11:18.175", "DEBUG", "ubuntupro.http", "readurl", 385, "URL [GET] response: https://contracts.canonical.com/v1/magic-attach, headers: {'accept-ranges': 'bytes', 'cache-control': 'no-store, max-age=0', 'connection': 'close', 'content-length': '115', 'content-type': 'application/json', 'date': 'Sat, 09 Nov 2024 18:11:18 GMT', 'server': 'nginx/1.18.0 (Ubuntu)', 'strict-transport-security': 'max-age=15724800; includeSubDomains', 'x-cache-status': 'MISS from content-cache-il3/4', 'x-trace-id': '2205e105-2ba8-4f76-abbb-8dc9495fd70d'}, data: {'expires': datetime.datetime(2024, 11, 9, 18, 21, 7, tzinfo=datetime.timezone.utc), 'expiresIn': 589, 'token': '<REDACTED>', 'userCode': '<REDACTED>'}", {}]
["2024-11-09T19:11:28.176", "DEBUG", "ubuntupro.http", "readurl", 345, "URL [GET]: https://contracts.canonical.com/v1/magic-attach, headers: {'Authorization': 'Bearer <REDACTED>', 'accept': 'application/json', 'content-type': 'application/json', 'user-agent': 'UA-Client/32.3.1~24.04'}, data: None", {}]
["2024-11-09T19:11:28.176", "DEBUG", "ubuntupro.http", "should_use_pycurl", 208, "Should use pycurl: False", {}]
["2024-11-09T19:11:28.352", "DEBUG", "ubuntupro.http", "readurl", 385, "URL [GET] response: https://contracts.canonical.com/v1/magic-attach, headers: {'accept-ranges': 'bytes', 'cache-control': 'no-store, max-age=0', 'connection': 'close', 'content-length': '115', 'content-type': 'application/json', 'date': 'Sat, 09 Nov 2024 18:11:28 GMT', 'server': 'nginx/1.18.0 (Ubuntu)', 'strict-transport-security': 'max-age=15724800; includeSubDomains', 'x-cache-status': 'MISS from content-cache-il3/4', 'x-trace-id': '483cf309-2cc9-419b-aac1-a787e327e0e1'}, data: {'expires': datetime.datetime(2024, 11, 9, 18, 21, 7, tzinfo=datetime.timezone.utc), 'expiresIn': 579, 'token': '<REDACTED>', 'userCode': '<REDACTED>'}", {}]
["2024-11-09T19:11:38.354", "DEBUG", "ubuntupro.http", "readurl", 345, "URL [GET]: https://contracts.canonical.com/v1/magic-attach, headers: {'Authorization': 'Bearer <REDACTED>', 'accept': 'application/json', 'content-type': 'application/json', 'user-agent': 'UA-Client/32.3.1~24.04'}, data: None", {}]
["2024-11-09T19:11:38.354", "DEBUG", "ubuntupro.http", "should_use_pycurl", 208, "Should use pycurl: False", {}]
["2024-11-09T19:11:38.532", "DEBUG", "ubuntupro.http", "readurl", 385, "URL [GET] response: https://contracts.canonical.com/v1/magic-attach, headers: {'accept-ranges': 'bytes', 'cache-control': 'no-store, max-age=0', 'connection': 'close', 'content-length': '115', 'content-type': 'application/json', 'date': 'Sat, 09 Nov 2024 18:11:38 GMT', 'server': 'nginx/1.18.0 (Ubuntu)', 'strict-transport-security': 'max-age=15724800; includeSubDomains', 'x-cache-status': 'MISS from content-cache-il3/1', 'x-trace-id': '67a4b388-004c-4f0a-9736-4625f7b8c27d'}, data: {'expires': datetime.datetime(2024, 11, 9, 18, 21, 7, tzinfo=datetime.timezone.utc), 'expiresIn': 568, 'token': '<REDACTED>', 'userCode': '<REDACTED>'}", {}]
["2024-11-09T19:11:48.534", "DEBUG", "ubuntupro.http", "readurl", 345, "URL [GET]: https://contracts.canonical.com/v1/magic-attach, headers: {'Authorization': 'Bearer <REDACTED>', 'accept': 'application/json', 'content-type': 'application/json', 'user-agent': 'UA-Client/32.3.1~24.04'}, data: None", {}]
["2024-11-09T19:11:48.534", "DEBUG", "ubuntupro.http", "should_use_pycurl", 208, "Should use pycurl: False", {}]
["2024-11-09T19:11:48.763", "DEBUG", "ubuntupro.http", "readurl", 385, "URL [GET] response: https://contracts.canonical.com/v1/magic-attach, headers: {'accept-ranges': 'bytes', 'cache-control': 'no-store, max-age=0', 'connection': 'close', 'content-length': '115', 'content-type': 'application/json', 'date': 'Sat, 09 Nov 2024 18:11:48 GMT', 'server': 'nginx/1.18.0 (Ubuntu)', 'strict-transport-security': 'max-age=15724800; includeSubDomains', 'x-cache-status': 'MISS from content-cache-il3/0', 'x-trace-id': 'e39a0f0d-b12e-4cbb-8e09-4d2dda46344a'}, data: {'expires': datetime.datetime(2024, 11, 9, 18, 21, 7, tzinfo=datetime.timezone.utc), 'expiresIn': 558, 'token': '<REDACTED>', 'userCode': '<REDACTED>'}", {}]
["2024-11-09T19:11:58.763", "DEBUG", "ubuntupro.http", "readurl", 345, "URL [GET]: https://contracts.canonical.com/v1/magic-attach, headers: {'Authorization': 'Bearer <REDACTED>', 'accept': 'application/json', 'content-type': 'application/json', 'user-agent': 'UA-Client/32.3.1~24.04'}, data: None", {}]
["2024-11-09T19:11:58.764", "DEBUG", "ubuntupro.http", "should_use_pycurl", 208, "Should use pycurl: False", {}]
["2024-11-09T19:11:58.996", "DEBUG", "ubuntupro.http", "readurl", 385, "URL [GET] response: https://contracts.canonical.com/v1/magic-attach, headers: {'accept-ranges': 'bytes', 'cache-control': 'no-store, max-age=0', 'connection': 'close', 'content-length': '115', 'content-type': 'application/json', 'date': 'Sat, 09 Nov 2024 18:11:58 GMT', 'server': 'nginx/1.18.0 (Ubuntu)', 'strict-transport-security': 'max-age=15724800; includeSubDomains', 'x-cache-status': 'MISS from content-cache-il3/1', 'x-trace-id': '0b5c4085-a126-4225-93b0-a2c5a4ea13d8'}, data: {'expires': datetime.datetime(2024, 11, 9, 18, 21, 7, tzinfo=datetime.timezone.utc), 'expiresIn': 548, 'token': '<REDACTED>', 'userCode': '<REDACTED>'}", {}]
["2024-11-09T19:12:08.998", "DEBUG", "ubuntupro.http", "readurl", 345, "URL [GET]: https://contracts.canonical.com/v1/magic-attach, headers: {'Authorization': 'Bearer <REDACTED>', 'accept': 'application/json', 'content-type': 'application/json', 'user-agent': 'UA-Client/32.3.1~24.04'}, data: None", {}]
["2024-11-09T19:12:08.998", "DEBUG", "ubuntupro.http", "should_use_pycurl", 208, "Should use pycurl: False", {}]
["2024-11-09T19:12:09.220", "DEBUG", "ubuntupro.http", "readurl", 385, "URL [GET] response: https://contracts.canonical.com/v1/magic-attach, headers: {'accept-ranges': 'bytes', 'cache-control': 'no-store, max-age=0', 'connection': 'close', 'content-length': '115', 'content-type': 'application/json', 'date': 'Sat, 09 Nov 2024 18:12:09 GMT', 'server': 'nginx/1.18.0 (Ubuntu)', 'strict-transport-security': 'max-age=15724800; includeSubDomains', 'x-cache-status': 'MISS from content-cache-il3/1', 'x-trace-id': '10023ad3-6905-4214-ba0e-b9d6261514f6'}, data: {'expires': datetime.datetime(2024, 11, 9, 18, 21, 7, tzinfo=datetime.timezone.utc), 'expiresIn': 538, 'token': '<REDACTED>', 'userCode': '<REDACTED>'}", {}]
